2023-02-25 13:51:52,260 - mmseg - INFO - Multi-processing start method is `None`
2023-02-25 13:51:52,260 - mmseg - INFO - OpenCV num_threads is `16
2023-02-25 13:51:52,304 - mmseg - INFO - Environment info:
------------------------------------------------------------
sys.platform: linux
Python: 3.8.16 (default, Jan 17 2023, 23:13:24) [GCC 11.2.0]
CUDA available: True
GPU 0,1: GeForce RTX 3090
CUDA_HOME: /usr/local/cuda
NVCC: Cuda compilation tools, release 11.1, V11.1.74
GCC: gcc (Ubuntu 9.3.0-17ubuntu1~20.04) 9.3.0
PyTorch: 1.9.1+cu111
PyTorch compiling details: PyTorch built with:
  - GCC 7.3
  - C++ Version: 201402
  - Intel(R) Math Kernel Library Version 2020.0.0 Product Build 20191122 for Intel(R) 64 architecture applications
  - Intel(R) MKL-DNN v2.1.2 (Git Hash 98be7e8afa711dc9b66c8ff3504129cb82013cdb)
  - OpenMP 201511 (a.k.a. OpenMP 4.5)
  - NNPACK is enabled
  - CPU capability usage: AVX2
  - CUDA Runtime 11.1
  - NVCC architecture flags: -gencode;arch=compute_37,code=sm_37;-gencode;arch=compute_50,code=sm_50;-gencode;arch=compute_60,code=sm_60;-gencode;arch=compute_70,code=sm_70;-gencode;arch=compute_75,code=sm_75;-gencode;arch=compute_80,code=sm_80;-gencode;arch=compute_86,code=sm_86
  - CuDNN 8.0.5
  - Magma 2.5.2
  - Build settings: BLAS_INFO=mkl, BUILD_TYPE=Release, CUDA_VERSION=11.1, CUDNN_VERSION=8.0.5, CXX_COMPILER=/opt/rh/devtoolset-7/root/usr/bin/c++, CXX_FLAGS= -Wno-deprecated -fvisibility-inlines-hidden -DUSE_PTHREADPOOL -fopenmp -DNDEBUG -DUSE_KINETO -DUSE_FBGEMM -DUSE_QNNPACK -DUSE_PYTORCH_QNNPACK -DUSE_XNNPACK -DSYMBOLICATE_MOBILE_DEBUG_HANDLE -O2 -fPIC -Wno-narrowing -Wall -Wextra -Werror=return-type -Wno-missing-field-initializers -Wno-type-limits -Wno-array-bounds -Wno-unknown-pragmas -Wno-sign-compare -Wno-unused-parameter -Wno-unused-variable -Wno-unused-function -Wno-unused-result -Wno-unused-local-typedefs -Wno-strict-overflow -Wno-strict-aliasing -Wno-error=deprecated-declarations -Wno-stringop-overflow -Wno-psabi -Wno-error=pedantic -Wno-error=redundant-decls -Wno-error=old-style-cast -fdiagnostics-color=always -faligned-new -Wno-unused-but-set-variable -Wno-maybe-uninitialized -fno-math-errno -fno-trapping-math -Werror=format -Wno-stringop-overflow, LAPACK_INFO=mkl, PERF_WITH_AVX=1, PERF_WITH_AVX2=1, PERF_WITH_AVX512=1, TORCH_VERSION=1.9.1, USE_CUDA=ON, USE_CUDNN=ON, USE_EXCEPTION_PTR=1, USE_GFLAGS=OFF, USE_GLOG=OFF, USE_MKL=ON, USE_MKLDNN=ON, USE_MPI=OFF, USE_NCCL=ON, USE_NNPACK=ON, USE_OPENMP=ON, 

TorchVision: 0.10.1+cu111
OpenCV: 4.7.0
MMCV: 1.7.1
MMCV Compiler: GCC 7.3
MMCV CUDA Compiler: 11.1
MMSegmentation: 0.30.0+
------------------------------------------------------------

2023-02-25 13:51:52,304 - mmseg - INFO - Distributed training: False
2023-02-25 13:51:52,853 - mmseg - INFO - Config:
norm_cfg = dict(type='SyncBN', requires_grad=True)
model = dict(
    type='EncoderDecoder',
    pretrained=None,
    backbone=dict(
        type='UNet',
        in_channels=3,
        base_channels=64,
        num_stages=5,
        strides=(1, 1, 1, 1, 1),
        enc_num_convs=(2, 2, 2, 2, 2),
        dec_num_convs=(2, 2, 2, 2),
        downsamples=(True, True, True, True),
        enc_dilations=(1, 1, 1, 1, 1),
        dec_dilations=(1, 1, 1, 1),
        with_cp=False,
        conv_cfg=None,
        norm_cfg=dict(type='SyncBN', requires_grad=True),
        act_cfg=dict(type='ReLU'),
        upsample_cfg=dict(type='InterpConv'),
        norm_eval=False),
    decode_head=dict(
        type='ASPPHead',
        in_channels=64,
        in_index=4,
        channels=16,
        dilations=(1, 12, 24, 36),
        dropout_ratio=0.1,
        num_classes=2,
        norm_cfg=dict(type='SyncBN', requires_grad=True),
        align_corners=False,
        loss_decode=dict(
            type='CrossEntropyLoss', use_sigmoid=False, loss_weight=1.0)),
    auxiliary_head=dict(
        type='FCNHead',
        in_channels=128,
        in_index=3,
        channels=64,
        num_convs=1,
        concat_input=False,
        dropout_ratio=0.1,
        num_classes=2,
        norm_cfg=dict(type='SyncBN', requires_grad=True),
        align_corners=False,
        loss_decode=dict(
            type='CrossEntropyLoss', use_sigmoid=False, loss_weight=0.4)),
    train_cfg=dict(),
    test_cfg=dict(mode='slide', crop_size=(256, 256), stride=(170, 170)))
dataset_type = 'ChaseDB1Dataset'
data_root = '/data/yxj/tools/mmsegmentation/data/CHASE_DB1'
img_norm_cfg = dict(
    mean=[123.675, 116.28, 103.53], std=[58.395, 57.12, 57.375], to_rgb=True)
img_scale = (960, 999)
crop_size = (128, 128)
train_pipeline = [
    dict(type='LoadImageFromFile'),
    dict(type='LoadAnnotations'),
    dict(type='Resize', img_scale=(960, 999), ratio_range=(0.5, 2.0)),
    dict(type='RandomCrop', crop_size=(128, 128), cat_max_ratio=0.75),
    dict(type='RandomFlip', prob=0.5),
    dict(type='PhotoMetricDistortion'),
    dict(
        type='Normalize',
        mean=[123.675, 116.28, 103.53],
        std=[58.395, 57.12, 57.375],
        to_rgb=True),
    dict(type='Pad', size=(128, 128), pad_val=0, seg_pad_val=255),
    dict(type='DefaultFormatBundle'),
    dict(type='Collect', keys=['img', 'gt_semantic_seg'])
]
test_pipeline = [
    dict(type='LoadImageFromFile'),
    dict(
        type='MultiScaleFlipAug',
        img_scale=(960, 999),
        flip=False,
        transforms=[
            dict(type='Resize', keep_ratio=True),
            dict(type='RandomFlip'),
            dict(
                type='Normalize',
                mean=[123.675, 116.28, 103.53],
                std=[58.395, 57.12, 57.375],
                to_rgb=True),
            dict(type='ImageToTensor', keys=['img']),
            dict(type='Collect', keys=['img'])
        ])
]
data = dict(
    samples_per_gpu=4,
    workers_per_gpu=4,
    train=dict(
        type='RepeatDataset',
        times=40000,
        dataset=dict(
            type='ChaseDB1Dataset',
            data_root='/data/yxj/tools/mmsegmentation/data/CHASE_DB1',
            img_dir='images/training',
            ann_dir='annotations/training',
            pipeline=[
                dict(type='LoadImageFromFile'),
                dict(type='LoadAnnotations'),
                dict(
                    type='Resize',
                    img_scale=(960, 999),
                    ratio_range=(0.5, 2.0)),
                dict(
                    type='RandomCrop',
                    crop_size=(128, 128),
                    cat_max_ratio=0.75),
                dict(type='RandomFlip', prob=0.5),
                dict(type='PhotoMetricDistortion'),
                dict(
                    type='Normalize',
                    mean=[123.675, 116.28, 103.53],
                    std=[58.395, 57.12, 57.375],
                    to_rgb=True),
                dict(type='Pad', size=(128, 128), pad_val=0, seg_pad_val=255),
                dict(type='DefaultFormatBundle'),
                dict(type='Collect', keys=['img', 'gt_semantic_seg'])
            ])),
    val=dict(
        type='ChaseDB1Dataset',
        data_root='/data/yxj/tools/mmsegmentation/data/CHASE_DB1',
        img_dir='images/validation',
        ann_dir='annotations/validation',
        pipeline=[
            dict(type='LoadImageFromFile'),
            dict(
                type='MultiScaleFlipAug',
                img_scale=(960, 999),
                flip=False,
                transforms=[
                    dict(type='Resize', keep_ratio=True),
                    dict(type='RandomFlip'),
                    dict(
                        type='Normalize',
                        mean=[123.675, 116.28, 103.53],
                        std=[58.395, 57.12, 57.375],
                        to_rgb=True),
                    dict(type='ImageToTensor', keys=['img']),
                    dict(type='Collect', keys=['img'])
                ])
        ]),
    test=dict(
        type='ChaseDB1Dataset',
        data_root='/data/yxj/tools/mmsegmentation/data/CHASE_DB1',
        img_dir='images/validation',
        ann_dir='annotations/validation',
        pipeline=[
            dict(type='LoadImageFromFile'),
            dict(
                type='MultiScaleFlipAug',
                img_scale=(960, 999),
                flip=False,
                transforms=[
                    dict(type='Resize', keep_ratio=True),
                    dict(type='RandomFlip'),
                    dict(
                        type='Normalize',
                        mean=[123.675, 116.28, 103.53],
                        std=[58.395, 57.12, 57.375],
                        to_rgb=True),
                    dict(type='ImageToTensor', keys=['img']),
                    dict(type='Collect', keys=['img'])
                ])
        ]))
log_config = dict(
    interval=50, hooks=[dict(type='TextLoggerHook', by_epoch=False)])
dist_params = dict(backend='nccl')
log_level = 'INFO'
load_from = None
resume_from = None
workflow = [('train', 1)]
cudnn_benchmark = True
optimizer = dict(type='SGD', lr=0.01, momentum=0.9, weight_decay=0.0005)
optimizer_config = dict()
lr_config = dict(policy='poly', power=0.9, min_lr=0.0001, by_epoch=False)
runner = dict(type='IterBasedRunner', max_iters=40000)
checkpoint_config = dict(by_epoch=False, interval=4000)
evaluation = dict(interval=4000, metric='mIoU', pre_eval=True)
work_dir = 'Mymmseg/myLog/mylog'
gpu_ids = [0]
auto_resume = False

2023-02-25 13:51:52,853 - mmseg - INFO - Set random seed to 779536503, deterministic: False
2023-02-25 13:51:53,263 - mmseg - INFO - EncoderDecoder(
  (backbone): UNet(
    (encoder): ModuleList(
      (0): Sequential(
        (0): BasicConvBlock(
          (convs): Sequential(
            (0): ConvModule(
              (conv): Conv2d(3, 64, kernel_size=(3, 3), stride=(1, 1), padding=(1, 1), bias=False)
              (bn): _BatchNormXd(64, eps=1e-05, momentum=0.1, affine=True, track_running_stats=True)
              (activate): ReLU(inplace=True)
            )
            (1): ConvModule(
              (conv): Conv2d(64, 64, kernel_size=(3, 3), stride=(1, 1), padding=(1, 1), bias=False)
              (bn): _BatchNormXd(64, eps=1e-05, momentum=0.1, affine=True, track_running_stats=True)
              (activate): ReLU(inplace=True)
            )
          )
        )
      )
      (1): Sequential(
        (0): MaxPool2d(kernel_size=2, stride=2, padding=0, dilation=1, ceil_mode=False)
        (1): BasicConvBlock(
          (convs): Sequential(
            (0): ConvModule(
              (conv): Conv2d(64, 128, kernel_size=(3, 3), stride=(1, 1), padding=(1, 1), bias=False)
              (bn): _BatchNormXd(128, eps=1e-05, momentum=0.1, affine=True, track_running_stats=True)
              (activate): ReLU(inplace=True)
            )
            (1): ConvModule(
              (conv): Conv2d(128, 128, kernel_size=(3, 3), stride=(1, 1), padding=(1, 1), bias=False)
              (bn): _BatchNormXd(128, eps=1e-05, momentum=0.1, affine=True, track_running_stats=True)
              (activate): ReLU(inplace=True)
            )
          )
        )
      )
      (2): Sequential(
        (0): MaxPool2d(kernel_size=2, stride=2, padding=0, dilation=1, ceil_mode=False)
        (1): BasicConvBlock(
          (convs): Sequential(
            (0): ConvModule(
              (conv): Conv2d(128, 256, kernel_size=(3, 3), stride=(1, 1), padding=(1, 1), bias=False)
              (bn): _BatchNormXd(256, eps=1e-05, momentum=0.1, affine=True, track_running_stats=True)
              (activate): ReLU(inplace=True)
            )
            (1): ConvModule(
              (conv): Conv2d(256, 256, kernel_size=(3, 3), stride=(1, 1), padding=(1, 1), bias=False)
              (bn): _BatchNormXd(256, eps=1e-05, momentum=0.1, affine=True, track_running_stats=True)
              (activate): ReLU(inplace=True)
            )
          )
        )
      )
      (3): Sequential(
        (0): MaxPool2d(kernel_size=2, stride=2, padding=0, dilation=1, ceil_mode=False)
        (1): BasicConvBlock(
          (convs): Sequential(
            (0): ConvModule(
              (conv): Conv2d(256, 512, kernel_size=(3, 3), stride=(1, 1), padding=(1, 1), bias=False)
              (bn): _BatchNormXd(512, eps=1e-05, momentum=0.1, affine=True, track_running_stats=True)
              (activate): ReLU(inplace=True)
            )
            (1): ConvModule(
              (conv): Conv2d(512, 512, kernel_size=(3, 3), stride=(1, 1), padding=(1, 1), bias=False)
              (bn): _BatchNormXd(512, eps=1e-05, momentum=0.1, affine=True, track_running_stats=True)
              (activate): ReLU(inplace=True)
            )
          )
        )
      )
      (4): Sequential(
        (0): MaxPool2d(kernel_size=2, stride=2, padding=0, dilation=1, ceil_mode=False)
        (1): BasicConvBlock(
          (convs): Sequential(
            (0): ConvModule(
              (conv): Conv2d(512, 1024, kernel_size=(3, 3), stride=(1, 1), padding=(1, 1), bias=False)
              (bn): _BatchNormXd(1024, eps=1e-05, momentum=0.1, affine=True, track_running_stats=True)
              (activate): ReLU(inplace=True)
            )
            (1): ConvModule(
              (conv): Conv2d(1024, 1024, kernel_size=(3, 3), stride=(1, 1), padding=(1, 1), bias=False)
              (bn): _BatchNormXd(1024, eps=1e-05, momentum=0.1, affine=True, track_running_stats=True)
              (activate): ReLU(inplace=True)
            )
          )
        )
      )
    )
    (decoder): ModuleList(
      (0): UpConvBlock(
        (conv_block): BasicConvBlock(
          (convs): Sequential(
            (0): ConvModule(
              (conv): Conv2d(128, 64, kernel_size=(3, 3), stride=(1, 1), padding=(1, 1), bias=False)
              (bn): _BatchNormXd(64, eps=1e-05, momentum=0.1, affine=True, track_running_stats=True)
              (activate): ReLU(inplace=True)
            )
            (1): ConvModule(
              (conv): Conv2d(64, 64, kernel_size=(3, 3), stride=(1, 1), padding=(1, 1), bias=False)
              (bn): _BatchNormXd(64, eps=1e-05, momentum=0.1, affine=True, track_running_stats=True)
              (activate): ReLU(inplace=True)
            )
          )
        )
        (upsample): InterpConv(
          (interp_upsample): Sequential(
            (0): Upsample()
            (1): ConvModule(
              (conv): Conv2d(128, 64, kernel_size=(1, 1), stride=(1, 1), bias=False)
              (bn): _BatchNormXd(64, eps=1e-05, momentum=0.1, affine=True, track_running_stats=True)
              (activate): ReLU(inplace=True)
            )
          )
        )
      )
      (1): UpConvBlock(
        (conv_block): BasicConvBlock(
          (convs): Sequential(
            (0): ConvModule(
              (conv): Conv2d(256, 128, kernel_size=(3, 3), stride=(1, 1), padding=(1, 1), bias=False)
              (bn): _BatchNormXd(128, eps=1e-05, momentum=0.1, affine=True, track_running_stats=True)
              (activate): ReLU(inplace=True)
            )
            (1): ConvModule(
              (conv): Conv2d(128, 128, kernel_size=(3, 3), stride=(1, 1), padding=(1, 1), bias=False)
              (bn): _BatchNormXd(128, eps=1e-05, momentum=0.1, affine=True, track_running_stats=True)
              (activate): ReLU(inplace=True)
            )
          )
        )
        (upsample): InterpConv(
          (interp_upsample): Sequential(
            (0): Upsample()
            (1): ConvModule(
              (conv): Conv2d(256, 128, kernel_size=(1, 1), stride=(1, 1), bias=False)
              (bn): _BatchNormXd(128, eps=1e-05, momentum=0.1, affine=True, track_running_stats=True)
              (activate): ReLU(inplace=True)
            )
          )
        )
      )
      (2): UpConvBlock(
        (conv_block): BasicConvBlock(
          (convs): Sequential(
            (0): ConvModule(
              (conv): Conv2d(512, 256, kernel_size=(3, 3), stride=(1, 1), padding=(1, 1), bias=False)
              (bn): _BatchNormXd(256, eps=1e-05, momentum=0.1, affine=True, track_running_stats=True)
              (activate): ReLU(inplace=True)
            )
            (1): ConvModule(
              (conv): Conv2d(256, 256, kernel_size=(3, 3), stride=(1, 1), padding=(1, 1), bias=False)
              (bn): _BatchNormXd(256, eps=1e-05, momentum=0.1, affine=True, track_running_stats=True)
              (activate): ReLU(inplace=True)
            )
          )
        )
        (upsample): InterpConv(
          (interp_upsample): Sequential(
            (0): Upsample()
            (1): ConvModule(
              (conv): Conv2d(512, 256, kernel_size=(1, 1), stride=(1, 1), bias=False)
              (bn): _BatchNormXd(256, eps=1e-05, momentum=0.1, affine=True, track_running_stats=True)
              (activate): ReLU(inplace=True)
            )
          )
        )
      )
      (3): UpConvBlock(
        (conv_block): BasicConvBlock(
          (convs): Sequential(
            (0): ConvModule(
              (conv): Conv2d(1024, 512, kernel_size=(3, 3), stride=(1, 1), padding=(1, 1), bias=False)
              (bn): _BatchNormXd(512, eps=1e-05, momentum=0.1, affine=True, track_running_stats=True)
              (activate): ReLU(inplace=True)
            )
            (1): ConvModule(
              (conv): Conv2d(512, 512, kernel_size=(3, 3), stride=(1, 1), padding=(1, 1), bias=False)
              (bn): _BatchNormXd(512, eps=1e-05, momentum=0.1, affine=True, track_running_stats=True)
              (activate): ReLU(inplace=True)
            )
          )
        )
        (upsample): InterpConv(
          (interp_upsample): Sequential(
            (0): Upsample()
            (1): ConvModule(
              (conv): Conv2d(1024, 512, kernel_size=(1, 1), stride=(1, 1), bias=False)
              (bn): _BatchNormXd(512, eps=1e-05, momentum=0.1, affine=True, track_running_stats=True)
              (activate): ReLU(inplace=True)
            )
          )
        )
      )
    )
  )
  init_cfg=[{'type': 'Kaiming', 'layer': 'Conv2d'}, {'type': 'Constant', 'val': 1, 'layer': ['_BatchNorm', 'GroupNorm']}]
  (decode_head): ASPPHead(
    input_transform=None, ignore_index=255, align_corners=False
    (loss_decode): CrossEntropyLoss(avg_non_ignore=False)
    (conv_seg): Conv2d(16, 2, kernel_size=(1, 1), stride=(1, 1))
    (dropout): Dropout2d(p=0.1, inplace=False)
    (image_pool): Sequential(
      (0): AdaptiveAvgPool2d(output_size=1)
      (1): ConvModule(
        (conv): Conv2d(64, 16, kernel_size=(1, 1), stride=(1, 1), bias=False)
        (bn): _BatchNormXd(16, eps=1e-05, momentum=0.1, affine=True, track_running_stats=True)
        (activate): ReLU(inplace=True)
      )
    )
    (aspp_modules): ASPPModule(
      (0): ConvModule(
        (conv): Conv2d(64, 16, kernel_size=(1, 1), stride=(1, 1), bias=False)
        (bn): _BatchNormXd(16, eps=1e-05, momentum=0.1, affine=True, track_running_stats=True)
        (activate): ReLU(inplace=True)
      )
      (1): ConvModule(
        (conv): Conv2d(64, 16, kernel_size=(3, 3), stride=(1, 1), padding=(12, 12), dilation=(12, 12), bias=False)
        (bn): _BatchNormXd(16, eps=1e-05, momentum=0.1, affine=True, track_running_stats=True)
        (activate): ReLU(inplace=True)
      )
      (2): ConvModule(
        (conv): Conv2d(64, 16, kernel_size=(3, 3), stride=(1, 1), padding=(24, 24), dilation=(24, 24), bias=False)
        (bn): _BatchNormXd(16, eps=1e-05, momentum=0.1, affine=True, track_running_stats=True)
        (activate): ReLU(inplace=True)
      )
      (3): ConvModule(
        (conv): Conv2d(64, 16, kernel_size=(3, 3), stride=(1, 1), padding=(36, 36), dilation=(36, 36), bias=False)
        (bn): _BatchNormXd(16, eps=1e-05, momentum=0.1, affine=True, track_running_stats=True)
        (activate): ReLU(inplace=True)
      )
    )
    (bottleneck): ConvModule(
      (conv): Conv2d(80, 16, kernel_size=(3, 3), stride=(1, 1), padding=(1, 1), bias=False)
      (bn): _BatchNormXd(16, eps=1e-05, momentum=0.1, affine=True, track_running_stats=True)
      (activate): ReLU(inplace=True)
    )
  )
  init_cfg={'type': 'Normal', 'std': 0.01, 'override': {'name': 'conv_seg'}}
  (auxiliary_head): FCNHead(
    input_transform=None, ignore_index=255, align_corners=False
    (loss_decode): CrossEntropyLoss(avg_non_ignore=False)
    (conv_seg): Conv2d(64, 2, kernel_size=(1, 1), stride=(1, 1))
    (dropout): Dropout2d(p=0.1, inplace=False)
    (convs): Sequential(
      (0): ConvModule(
        (conv): Conv2d(128, 64, kernel_size=(3, 3), stride=(1, 1), padding=(1, 1), bias=False)
        (bn): _BatchNormXd(64, eps=1e-05, momentum=0.1, affine=True, track_running_stats=True)
        (activate): ReLU(inplace=True)
      )
    )
  )
  init_cfg={'type': 'Normal', 'std': 0.01, 'override': {'name': 'conv_seg'}}
)
2023-02-25 13:51:53,268 - mmseg - INFO - Loaded 20 images
2023-02-25 13:51:55,870 - mmseg - INFO - Loaded 8 images
2023-02-25 13:51:55,870 - mmseg - INFO - Start running, host: yxj@amax, work_dir: /data/yxj/Mymmseg/myLog/mylog
2023-02-25 13:51:55,871 - mmseg - INFO - Hooks will be executed in the following order:
before_run:
(VERY_HIGH   ) PolyLrUpdaterHook                  
(NORMAL      ) CheckpointHook                     
(LOW         ) EvalHook                           
(VERY_LOW    ) TextLoggerHook                     
 -------------------- 
before_train_epoch:
(VERY_HIGH   ) PolyLrUpdaterHook                  
(LOW         ) IterTimerHook                      
(LOW         ) EvalHook                           
(VERY_LOW    ) TextLoggerHook                     
 -------------------- 
before_train_iter:
(VERY_HIGH   ) PolyLrUpdaterHook                  
(LOW         ) IterTimerHook                      
(LOW         ) EvalHook                           
 -------------------- 
after_train_iter:
(ABOVE_NORMAL) OptimizerHook                      
(NORMAL      ) CheckpointHook                     
(LOW         ) IterTimerHook                      
(LOW         ) EvalHook                           
(VERY_LOW    ) TextLoggerHook                     
 -------------------- 
after_train_epoch:
(NORMAL      ) CheckpointHook                     
(LOW         ) EvalHook                           
(VERY_LOW    ) TextLoggerHook                     
 -------------------- 
before_val_epoch:
(LOW         ) IterTimerHook                      
(VERY_LOW    ) TextLoggerHook                     
 -------------------- 
before_val_iter:
(LOW         ) IterTimerHook                      
 -------------------- 
after_val_iter:
(LOW         ) IterTimerHook                      
 -------------------- 
after_val_epoch:
(VERY_LOW    ) TextLoggerHook                     
 -------------------- 
after_run:
(VERY_LOW    ) TextLoggerHook                     
 -------------------- 
2023-02-25 13:51:55,871 - mmseg - INFO - workflow: [('train', 1)], max: 40000 iters
2023-02-25 13:51:55,871 - mmseg - INFO - Checkpoints will be saved to /data/yxj/Mymmseg/myLog/mylog by HardDiskBackend.
2023-02-25 13:51:59,257 - mmseg - INFO - Iter [50/40000]	lr: 9.989e-03, eta: 0:43:10, time: 0.065, data_time: 0.008, memory: 4897, decode.loss_ce: 0.4958, decode.acc_seg: 81.4415, aux.loss_ce: 0.1974, aux.acc_seg: 81.2206, loss: 0.6932
2023-02-25 13:52:00,970 - mmseg - INFO - Iter [100/40000]	lr: 9.978e-03, eta: 0:32:57, time: 0.034, data_time: 0.002, memory: 4897, decode.loss_ce: 0.4278, decode.acc_seg: 83.8638, aux.loss_ce: 0.1709, aux.acc_seg: 83.8638, loss: 0.5987
2023-02-25 13:52:02,679 - mmseg - INFO - Iter [150/40000]	lr: 9.967e-03, eta: 0:29:30, time: 0.034, data_time: 0.002, memory: 4897, decode.loss_ce: 0.4347, decode.acc_seg: 83.0784, aux.loss_ce: 0.1761, aux.acc_seg: 83.0784, loss: 0.6107
2023-02-25 13:52:04,386 - mmseg - INFO - Iter [200/40000]	lr: 9.956e-03, eta: 0:27:45, time: 0.034, data_time: 0.002, memory: 4897, decode.loss_ce: 0.4528, decode.acc_seg: 80.6544, aux.loss_ce: 0.1841, aux.acc_seg: 80.6544, loss: 0.6369
2023-02-25 13:52:06,093 - mmseg - INFO - Iter [250/40000]	lr: 9.945e-03, eta: 0:26:42, time: 0.034, data_time: 0.002, memory: 4897, decode.loss_ce: 0.4188, decode.acc_seg: 82.8990, aux.loss_ce: 0.1670, aux.acc_seg: 82.9629, loss: 0.5858
